<?xml version="1.0" encoding="UTF-8"?>
<testng-results ignored="0" total="3" passed="3" failed="0" skipped="0">
  <reporter-output>
  </reporter-output>
  <suite started-at="2024-10-22T13:02:18 IST" name="Suite" finished-at="2024-10-22T13:07:22 IST" duration-ms="304585">
    <groups>
    </groups>
    <test started-at="2024-10-22T13:02:18 IST" name="ChromeTest" finished-at="2024-10-22T13:04:44 IST" duration-ms="146272">
      <class name="Crossbrowser.CrossBrowserTest">
        <test-method is-config="true" signature="initialize(java.lang.String)[pri:0, instance:Crossbrowser.CrossBrowserTest@7817fd62]" started-at="2024-10-22T13:02:18 IST" name="initialize" finished-at="2024-10-22T13:02:24 IST" duration-ms="5787" status="PASS">
          <params>
            <param index="0">
              <value>
                <![CDATA[chrome]]>
              </value>
            </param>
          </params>
          <reporter-output>
          </reporter-output>
        </test-method> <!-- initialize -->
        <test-method signature="gfgTest()[pri:0, instance:Crossbrowser.CrossBrowserTest@7817fd62]" started-at="2024-10-22T13:02:24 IST" name="gfgTest" finished-at="2024-10-22T13:04:21 IST" duration-ms="117626" status="PASS">
          <reporter-output>
          </reporter-output>
        </test-method> <!-- gfgTest -->
        <test-method is-config="true" signature="tearDown()[pri:0, instance:Crossbrowser.CrossBrowserTest@7817fd62]" started-at="2024-10-22T13:04:21 IST" name="tearDown" finished-at="2024-10-22T13:04:44 IST" duration-ms="22767" status="PASS">
          <reporter-output>
          </reporter-output>
        </test-method> <!-- tearDown -->
      </class> <!-- Crossbrowser.CrossBrowserTest -->
    </test> <!-- ChromeTest -->
    <test started-at="2024-10-22T13:04:44 IST" name="FirefoxTest" finished-at="2024-10-22T13:05:45 IST" duration-ms="60600">
      <class name="Crossbrowser.CrossBrowserTest">
        <test-method is-config="true" signature="initialize(java.lang.String)[pri:0, instance:Crossbrowser.CrossBrowserTest@7494f96a]" started-at="2024-10-22T13:04:44 IST" name="initialize" finished-at="2024-10-22T13:04:49 IST" duration-ms="4766" status="PASS">
          <params>
            <param index="0">
              <value>
                <![CDATA[firefox]]>
              </value>
            </param>
          </params>
          <reporter-output>
          </reporter-output>
        </test-method> <!-- initialize -->
        <test-method signature="gfgTest()[pri:0, instance:Crossbrowser.CrossBrowserTest@7494f96a]" started-at="2024-10-22T13:04:49 IST" name="gfgTest" finished-at="2024-10-22T13:05:43 IST" duration-ms="54187" status="PASS">
          <reporter-output>
          </reporter-output>
        </test-method> <!-- gfgTest -->
        <test-method is-config="true" signature="tearDown()[pri:0, instance:Crossbrowser.CrossBrowserTest@7494f96a]" started-at="2024-10-22T13:05:43 IST" name="tearDown" finished-at="2024-10-22T13:05:45 IST" duration-ms="1642" status="PASS">
          <reporter-output>
          </reporter-output>
        </test-method> <!-- tearDown -->
      </class> <!-- Crossbrowser.CrossBrowserTest -->
    </test> <!-- FirefoxTest -->
    <test started-at="2024-10-22T13:05:45 IST" name="EdgeTest" finished-at="2024-10-22T13:07:22 IST" duration-ms="97652">
      <class name="Crossbrowser.CrossBrowserTest">
        <test-method is-config="true" signature="initialize(java.lang.String)[pri:0, instance:Crossbrowser.CrossBrowserTest@2e377400]" started-at="2024-10-22T13:05:45 IST" name="initialize" finished-at="2024-10-22T13:05:47 IST" duration-ms="2049" status="PASS">
          <params>
            <param index="0">
              <value>
                <![CDATA[edge]]>
              </value>
            </param>
          </params>
          <reporter-output>
          </reporter-output>
        </test-method> <!-- initialize -->
        <test-method signature="gfgTest()[pri:0, instance:Crossbrowser.CrossBrowserTest@2e377400]" started-at="2024-10-22T13:05:47 IST" name="gfgTest" finished-at="2024-10-22T13:07:18 IST" duration-ms="91668" status="PASS">
          <reporter-output>
          </reporter-output>
        </test-method> <!-- gfgTest -->
        <test-method is-config="true" signature="tearDown()[pri:0, instance:Crossbrowser.CrossBrowserTest@2e377400]" started-at="2024-10-22T13:07:18 IST" name="tearDown" finished-at="2024-10-22T13:07:22 IST" duration-ms="3927" status="PASS">
          <reporter-output>
          </reporter-output>
        </test-method> <!-- tearDown -->
      </class> <!-- Crossbrowser.CrossBrowserTest -->
    </test> <!-- EdgeTest -->
  </suite> <!-- Suite -->
</testng-results>
